<?xml version="1.0" encoding="UTF-8"?>
<testsuite name="RectangularMapTest" tests="2" skipped="0" failures="0" errors="0" timestamp="2022-11-06T11:11:33" hostname="HARRY" time="0.016">
  <properties/>
  <testcase name="runTest1()" classname="RectangularMapTest" time="0.015"/>
  <testcase name="runTest2()" classname="RectangularMapTest" time="0.0"/>
  <system-out><![CDATA[]]></system-out>
  <system-err><![CDATA[]]></system-err>
</testsuite>
