<?xml version="1.0" encoding="UTF-8"?>
<testsuite name="MapDirectionTest" tests="2" skipped="0" failures="0" errors="0" timestamp="2022-10-17T06:47:37" hostname="HARRY" time="0.015">
  <properties/>
  <testcase name="testNext()" classname="MapDirectionTest" time="0.013"/>
  <testcase name="testPrevious()" classname="MapDirectionTest" time="0.0"/>
  <system-out><![CDATA[]]></system-out>
  <system-err><![CDATA[]]></system-err>
</testsuite>
