<?xml version="1.0" encoding="UTF-8"?>
<testsuite name="IWorldMapTest" tests="8" skipped="0" failures="0" errors="0" timestamp="2022-11-15T10:07:42" hostname="HARRY" time="0.023">
  <properties/>
  <testcase name="placeRectangularMapTest()" classname="IWorldMapTest" time="0.013"/>
  <testcase name="objectAtRectangularMapTest()" classname="IWorldMapTest" time="0.0"/>
  <testcase name="canMoveToRectangularMapTest()" classname="IWorldMapTest" time="0.002"/>
  <testcase name="objectAtGrassFieldTest()" classname="IWorldMapTest" time="0.001"/>
  <testcase name="isOccupiedGrassFieldTest()" classname="IWorldMapTest" time="0.0"/>
  <testcase name="placeGrassFieldTest()" classname="IWorldMapTest" time="0.0"/>
  <testcase name="isOccupiedRectangularMapTest()" classname="IWorldMapTest" time="0.001"/>
  <testcase name="canMoveToGrassFieldTest()" classname="IWorldMapTest" time="0.0"/>
  <system-out><![CDATA[]]></system-out>
  <system-err><![CDATA[]]></system-err>
</testsuite>
