<?xml version="1.0" encoding="UTF-8"?>
<testsuite name="agh.ics.oop.AnimalTest" tests="4" skipped="0" failures="0" errors="0" timestamp="2022-10-26T09:55:34" hostname="HARRY" time="0.027">
  <properties/>
  <testcase name="parseTest()" classname="agh.ics.oop.AnimalTest" time="0.013"/>
  <testcase name="orientationTest()" classname="agh.ics.oop.AnimalTest" time="0.009"/>
  <testcase name="positionTest()" classname="agh.ics.oop.AnimalTest" time="0.0"/>
  <testcase name="mapTest()" classname="agh.ics.oop.AnimalTest" time="0.001"/>
  <system-out><![CDATA[]]></system-out>
  <system-err><![CDATA[]]></system-err>
</testsuite>
